<?xml version="1.0" encoding="UTF-8"?>
<testsuite name="uk.rentalcars.pairing.hire.functional.vehicles.CarControllerTest" tests="6" skipped="0" failures="0" errors="0" timestamp="2021-09-10T10:45:20" hostname="C02C912BLVDP" time="0.076">
  <properties/>
  <testcase name="given_iAskForABadMake_then_iGet404()" classname="uk.rentalcars.pairing.hire.functional.vehicles.CarControllerTest" time="0.013"/>
  <testcase name="given_iRequestAListOfCars_then_iGetAllCars()" classname="uk.rentalcars.pairing.hire.functional.vehicles.CarControllerTest" time="0.017"/>
  <testcase name="given_IAskforAMakeModelThatDNE_then_iGetA404()" classname="uk.rentalcars.pairing.hire.functional.vehicles.CarControllerTest" time="0.009"/>
  <testcase name="given_iAskForABadModel_then_iGet404()" classname="uk.rentalcars.pairing.hire.functional.vehicles.CarControllerTest" time="0.012"/>
  <testcase name="given_iAskForAMake_then_iGetAllModelsForTheMake()" classname="uk.rentalcars.pairing.hire.functional.vehicles.CarControllerTest" time="0.011"/>
  <testcase name="given_iAskForMakeModel_then_iGetCarInfo()" classname="uk.rentalcars.pairing.hire.functional.vehicles.CarControllerTest" time="0.009"/>
  <system-out><![CDATA[2021-09-10 11:45:20.920  INFO 34586 --- [    Test worker] .b.t.c.SpringBootTestContextBootstrapper : Neither @ContextConfiguration nor @ContextHierarchy found for test class [uk.rentalcars.pairing.hire.functional.vehicles.CarControllerTest], using SpringBootContextLoader
2021-09-10 11:45:20.921  INFO 34586 --- [    Test worker] o.s.t.c.support.AbstractContextLoader    : Could not detect default resource locations for test class [uk.rentalcars.pairing.hire.functional.vehicles.CarControllerTest]: no resource found for suffixes {-context.xml, Context.groovy}.
2021-09-10 11:45:20.921  INFO 34586 --- [    Test worker] t.c.s.AnnotationConfigContextLoaderUtils : Could not detect default configuration classes for test class [uk.rentalcars.pairing.hire.functional.vehicles.CarControllerTest]: CarControllerTest does not declare any static, non-private, non-final, nested classes annotated with @Configuration.
2021-09-10 11:45:20.927  INFO 34586 --- [    Test worker] .b.t.c.SpringBootTestContextBootstrapper : Found @SpringBootConfiguration uk.rentalcars.pairing.hire.CarHireConfig for test class uk.rentalcars.pairing.hire.functional.vehicles.CarControllerTest
2021-09-10 11:45:20.929  INFO 34586 --- [    Test worker] .b.t.c.SpringBootTestContextBootstrapper : Loaded default TestExecutionListener class names from location [META-INF/spring.factories]: [org.springframework.boot.test.autoconfigure.restdocs.RestDocsTestExecutionListener, org.springframework.boot.test.autoconfigure.web.client.MockRestServiceServerResetTestExecutionListener, org.springframework.boot.test.autoconfigure.web.servlet.MockMvcPrintOnlyOnFailureTestExecutionListener, org.springframework.boot.test.autoconfigure.web.servlet.WebDriverTestExecutionListener, org.springframework.boot.test.autoconfigure.webservices.client.MockWebServiceServerTestExecutionListener, org.springframework.boot.test.mock.mockito.MockitoTestExecutionListener, org.springframework.boot.test.mock.mockito.ResetMocksTestExecutionListener, org.springframework.test.context.web.ServletTestExecutionListener, org.springframework.test.context.support.DirtiesContextBeforeModesTestExecutionListener, org.springframework.test.context.event.ApplicationEventsTestExecutionListener, org.springframework.test.context.support.DependencyInjectionTestExecutionListener, org.springframework.test.context.support.DirtiesContextTestExecutionListener, org.springframework.test.context.transaction.TransactionalTestExecutionListener, org.springframework.test.context.jdbc.SqlScriptsTestExecutionListener, org.springframework.test.context.event.EventPublishingTestExecutionListener]
2021-09-10 11:45:20.930  INFO 34586 --- [    Test worker] .b.t.c.SpringBootTestContextBootstrapper : Using TestExecutionListeners: [org.springframework.test.context.web.ServletTestExecutionListener@5cceff24, org.springframework.test.context.support.DirtiesContextBeforeModesTestExecutionListener@7cfdde26, org.springframework.test.context.event.ApplicationEventsTestExecutionListener@477e57ef, org.springframework.boot.test.mock.mockito.MockitoTestExecutionListener@b7e53b5, org.springframework.boot.test.autoconfigure.SpringBootDependencyInjectionTestExecutionListener@20e2ba21, org.springframework.test.context.support.DirtiesContextTestExecutionListener@32fc4cf5, org.springframework.test.context.event.EventPublishingTestExecutionListener@708b46a, org.springframework.boot.test.autoconfigure.restdocs.RestDocsTestExecutionListener@7e12bcc5, org.springframework.boot.test.autoconfigure.web.client.MockRestServiceServerResetTestExecutionListener@4b943294, org.springframework.boot.test.autoconfigure.web.servlet.MockMvcPrintOnlyOnFailureTestExecutionListener@1b5f54f7, org.springframework.boot.test.autoconfigure.web.servlet.WebDriverTestExecutionListener@59360812, org.springframework.boot.test.autoconfigure.webservices.client.MockWebServiceServerTestExecutionListener@32296365, org.springframework.boot.test.mock.mockito.ResetMocksTestExecutionListener@5843e726]
]]></system-out>
  <system-err><![CDATA[]]></system-err>
</testsuite>
