<?xml version="1.0" encoding="UTF-8"?>
<testsuite name="uk.rentalcars.pairing.hire.functional.hirecompany.CarHireControllerTest" tests="5" skipped="0" failures="0" errors="0" timestamp="2021-09-10T10:45:20" hostname="C02C912BLVDP" time="0.413">
  <properties/>
  <testcase name="given_iMakeAReservation_then_itsLocationIsReturned()" classname="uk.rentalcars.pairing.hire.functional.hirecompany.CarHireControllerTest" time="0.347"/>
  <testcase name="given_iAskForACompanyByName_then_iGetCompanyInfo()" classname="uk.rentalcars.pairing.hire.functional.hirecompany.CarHireControllerTest" time="0.014"/>
  <testcase name="given_iReserveACarTwice_then_a404isReturned()" classname="uk.rentalcars.pairing.hire.functional.hirecompany.CarHireControllerTest" time="0.023"/>
  <testcase name="given_iReserveAnUnknownCar_then_a404isReturned()" classname="uk.rentalcars.pairing.hire.functional.hirecompany.CarHireControllerTest" time="0.009"/>
  <testcase name="given_iAskforCompanies_then_iGetAListOfAllCompanies()" classname="uk.rentalcars.pairing.hire.functional.hirecompany.CarHireControllerTest" time="0.017"/>
  <system-out><![CDATA[11:45:16.921 [Test worker] DEBUG org.springframework.test.context.BootstrapUtils - Instantiating CacheAwareContextLoaderDelegate from class [org.springframework.test.context.cache.DefaultCacheAwareContextLoaderDelegate]
11:45:16.947 [Test worker] DEBUG org.springframework.test.context.BootstrapUtils - Instantiating BootstrapContext using constructor [public org.springframework.test.context.support.DefaultBootstrapContext(java.lang.Class,org.springframework.test.context.CacheAwareContextLoaderDelegate)]
11:45:17.012 [Test worker] DEBUG org.springframework.test.context.BootstrapUtils - Instantiating TestContextBootstrapper for test class [uk.rentalcars.pairing.hire.functional.hirecompany.CarHireControllerTest] from class [org.springframework.boot.test.context.SpringBootTestContextBootstrapper]
11:45:17.031 [Test worker] INFO org.springframework.boot.test.context.SpringBootTestContextBootstrapper - Neither @ContextConfiguration nor @ContextHierarchy found for test class [uk.rentalcars.pairing.hire.functional.hirecompany.CarHireControllerTest], using SpringBootContextLoader
11:45:17.038 [Test worker] DEBUG org.springframework.test.context.support.AbstractContextLoader - Did not detect default resource location for test class [uk.rentalcars.pairing.hire.functional.hirecompany.CarHireControllerTest]: class path resource [uk/rentalcars/pairing/hire/functional/hirecompany/CarHireControllerTest-context.xml] does not exist
11:45:17.039 [Test worker] DEBUG org.springframework.test.context.support.AbstractContextLoader - Did not detect default resource location for test class [uk.rentalcars.pairing.hire.functional.hirecompany.CarHireControllerTest]: class path resource [uk/rentalcars/pairing/hire/functional/hirecompany/CarHireControllerTestContext.groovy] does not exist
11:45:17.039 [Test worker] INFO org.springframework.test.context.support.AbstractContextLoader - Could not detect default resource locations for test class [uk.rentalcars.pairing.hire.functional.hirecompany.CarHireControllerTest]: no resource found for suffixes {-context.xml, Context.groovy}.
11:45:17.040 [Test worker] INFO org.springframework.test.context.support.AnnotationConfigContextLoaderUtils - Could not detect default configuration classes for test class [uk.rentalcars.pairing.hire.functional.hirecompany.CarHireControllerTest]: CarHireControllerTest does not declare any static, non-private, non-final, nested classes annotated with @Configuration.
11:45:17.112 [Test worker] DEBUG org.springframework.test.context.support.ActiveProfilesUtils - Could not find an 'annotation declaring class' for annotation type [org.springframework.test.context.ActiveProfiles] and class [uk.rentalcars.pairing.hire.functional.hirecompany.CarHireControllerTest]
11:45:17.219 [Test worker] DEBUG org.springframework.context.annotation.ClassPathScanningCandidateComponentProvider - Identified candidate component class: file [/Users/WehbeM/Downloads/recruitment-car-hire-novpn 2/build/classes/java/main/uk/rentalcars/pairing/hire/CarHireConfig.class]
11:45:17.221 [Test worker] INFO org.springframework.boot.test.context.SpringBootTestContextBootstrapper - Found @SpringBootConfiguration uk.rentalcars.pairing.hire.CarHireConfig for test class uk.rentalcars.pairing.hire.functional.hirecompany.CarHireControllerTest
11:45:17.386 [Test worker] DEBUG org.springframework.boot.test.context.SpringBootTestContextBootstrapper - @TestExecutionListeners is not present for class [uk.rentalcars.pairing.hire.functional.hirecompany.CarHireControllerTest]: using defaults.
11:45:17.387 [Test worker] INFO org.springframework.boot.test.context.SpringBootTestContextBootstrapper - Loaded default TestExecutionListener class names from location [META-INF/spring.factories]: [org.springframework.boot.test.autoconfigure.restdocs.RestDocsTestExecutionListener, org.springframework.boot.test.autoconfigure.web.client.MockRestServiceServerResetTestExecutionListener, org.springframework.boot.test.autoconfigure.web.servlet.MockMvcPrintOnlyOnFailureTestExecutionListener, org.springframework.boot.test.autoconfigure.web.servlet.WebDriverTestExecutionListener, org.springframework.boot.test.autoconfigure.webservices.client.MockWebServiceServerTestExecutionListener, org.springframework.boot.test.mock.mockito.MockitoTestExecutionListener, org.springframework.boot.test.mock.mockito.ResetMocksTestExecutionListener, org.springframework.test.context.web.ServletTestExecutionListener, org.springframework.test.context.support.DirtiesContextBeforeModesTestExecutionListener, org.springframework.test.context.event.ApplicationEventsTestExecutionListener, org.springframework.test.context.support.DependencyInjectionTestExecutionListener, org.springframework.test.context.support.DirtiesContextTestExecutionListener, org.springframework.test.context.transaction.TransactionalTestExecutionListener, org.springframework.test.context.jdbc.SqlScriptsTestExecutionListener, org.springframework.test.context.event.EventPublishingTestExecutionListener]
11:45:17.405 [Test worker] DEBUG org.springframework.boot.test.context.SpringBootTestContextBootstrapper - Skipping candidate TestExecutionListener [org.springframework.test.context.transaction.TransactionalTestExecutionListener] due to a missing dependency. Specify custom listener classes or make the default listener classes and their required dependencies available. Offending class: [org/springframework/transaction/interceptor/TransactionAttributeSource]
11:45:17.406 [Test worker] DEBUG org.springframework.boot.test.context.SpringBootTestContextBootstrapper - Skipping candidate TestExecutionListener [org.springframework.test.context.jdbc.SqlScriptsTestExecutionListener] due to a missing dependency. Specify custom listener classes or make the default listener classes and their required dependencies available. Offending class: [org/springframework/transaction/interceptor/TransactionAttribute]
11:45:17.406 [Test worker] INFO org.springframework.boot.test.context.SpringBootTestContextBootstrapper - Using TestExecutionListeners: [org.springframework.test.context.web.ServletTestExecutionListener@382f43d7, org.springframework.test.context.support.DirtiesContextBeforeModesTestExecutionListener@179ee576, org.springframework.test.context.event.ApplicationEventsTestExecutionListener@77a530eb, org.springframework.boot.test.mock.mockito.MockitoTestExecutionListener@8bfdcbe, org.springframework.boot.test.autoconfigure.SpringBootDependencyInjectionTestExecutionListener@4a4c1785, org.springframework.test.context.support.DirtiesContextTestExecutionListener@2a19eeef, org.springframework.test.context.event.EventPublishingTestExecutionListener@7465a12f, org.springframework.boot.test.autoconfigure.restdocs.RestDocsTestExecutionListener@2c9d931, org.springframework.boot.test.autoconfigure.web.client.MockRestServiceServerResetTestExecutionListener@289306d2, org.springframework.boot.test.autoconfigure.web.servlet.MockMvcPrintOnlyOnFailureTestExecutionListener@4d18fbb9, org.springframework.boot.test.autoconfigure.web.servlet.WebDriverTestExecutionListener@142d57ec, org.springframework.boot.test.autoconfigure.webservices.client.MockWebServiceServerTestExecutionListener@58e11409, org.springframework.boot.test.mock.mockito.ResetMocksTestExecutionListener@68f42c51]
11:45:17.411 [Test worker] DEBUG org.springframework.test.context.support.AbstractDirtiesContextTestExecutionListener - Before test class: context [DefaultTestContext@11ff8f1d testClass = CarHireControllerTest, testInstance = [null], testMethod = [null], testException = [null], mergedContextConfiguration = [WebMergedContextConfiguration@525c56fc testClass = CarHireControllerTest, locations = '{}', classes = '{class uk.rentalcars.pairing.hire.CarHireConfig}', contextInitializerClasses = '[]', activeProfiles = '{}', propertySourceLocations = '{}', propertySourceProperties = '{CarHireConfig, org.springframework.boot.test.context.SpringBootTestContextBootstrapper=true}', contextCustomizers = set[org.springframework.boot.test.autoconfigure.actuate.metrics.MetricsExportContextCustomizerFactory$DisableMetricExportContextCustomizer@69873e85, org.springframework.boot.test.autoconfigure.properties.PropertyMappingContextCustomizer@0, org.springframework.boot.test.autoconfigure.web.servlet.WebDriverContextCustomizerFactory$Customizer@40c2dea7, org.springframework.boot.test.context.filter.ExcludeFilterContextCustomizer@437c4558, org.springframework.boot.test.json.DuplicateJsonObjectContextCustomizerFactory$DuplicateJsonObjectContextCustomizer@503390f8, org.springframework.boot.test.mock.mockito.MockitoContextCustomizer@0, org.springframework.boot.test.web.client.TestRestTemplateContextCustomizer@4b3f89d, org.springframework.boot.test.context.SpringBootTestArgs@1, org.springframework.boot.test.context.SpringBootTestWebEnvironment@6ae80709], resourceBasePath = 'src/main/webapp', contextLoader = 'org.springframework.boot.test.context.SpringBootContextLoader', parent = [null]], attributes = map['org.springframework.test.context.web.ServletTestExecutionListener.activateListener' -> false]], class annotated with @DirtiesContext [false] with mode [null].
11:45:17.420 [Test worker] DEBUG org.springframework.test.context.support.DependencyInjectionTestExecutionListener - Performing dependency injection for test context [[DefaultTestContext@11ff8f1d testClass = CarHireControllerTest, testInstance = uk.rentalcars.pairing.hire.functional.hirecompany.CarHireControllerTest@590b10ba, testMethod = [null], testException = [null], mergedContextConfiguration = [WebMergedContextConfiguration@525c56fc testClass = CarHireControllerTest, locations = '{}', classes = '{class uk.rentalcars.pairing.hire.CarHireConfig}', contextInitializerClasses = '[]', activeProfiles = '{}', propertySourceLocations = '{}', propertySourceProperties = '{CarHireConfig, org.springframework.boot.test.context.SpringBootTestContextBootstrapper=true}', contextCustomizers = set[org.springframework.boot.test.autoconfigure.actuate.metrics.MetricsExportContextCustomizerFactory$DisableMetricExportContextCustomizer@69873e85, org.springframework.boot.test.autoconfigure.properties.PropertyMappingContextCustomizer@0, org.springframework.boot.test.autoconfigure.web.servlet.WebDriverContextCustomizerFactory$Customizer@40c2dea7, org.springframework.boot.test.context.filter.ExcludeFilterContextCustomizer@437c4558, org.springframework.boot.test.json.DuplicateJsonObjectContextCustomizerFactory$DuplicateJsonObjectContextCustomizer@503390f8, org.springframework.boot.test.mock.mockito.MockitoContextCustomizer@0, org.springframework.boot.test.web.client.TestRestTemplateContextCustomizer@4b3f89d, org.springframework.boot.test.context.SpringBootTestArgs@1, org.springframework.boot.test.context.SpringBootTestWebEnvironment@6ae80709], resourceBasePath = 'src/main/webapp', contextLoader = 'org.springframework.boot.test.context.SpringBootContextLoader', parent = [null]], attributes = map['org.springframework.test.context.web.ServletTestExecutionListener.activateListener' -> false, 'org.springframework.test.context.event.ApplicationEventsTestExecutionListener.recordApplicationEvents' -> false]]].
11:45:17.456 [Test worker] DEBUG org.springframework.test.context.support.TestPropertySourceUtils - Adding inlined properties to environment: {spring.jmx.enabled=false, CarHireConfig, org.springframework.boot.test.context.SpringBootTestContextBootstrapper=true}

  .   ____          _            __ _ _
 /\\ / ___'_ __ _ _(_)_ __  __ _ \ \ \ \
( ( )\___ | '_ | '_| | '_ \/ _` | \ \ \ \
 \\/  ___)| |_)| | | | | || (_| |  ) ) ) )
  '  |____| .__|_| |_|_| |_\__, | / / / /
 =========|_|==============|___/=/_/_/_/
 :: Spring Boot ::                (v2.5.4)

2021-09-10 11:45:17.863  INFO 34586 --- [    Test worker] u.r.p.h.f.h.CarHireControllerTest        : Starting CarHireControllerTest using Java 15.0.2 on C02C912BLVDP with PID 34586 (started by WehbeM in /Users/WehbeM/Downloads/recruitment-car-hire-novpn 2)
2021-09-10 11:45:17.866  INFO 34586 --- [    Test worker] u.r.p.h.f.h.CarHireControllerTest        : No active profile set, falling back to default profiles: default
2021-09-10 11:45:19.400  INFO 34586 --- [    Test worker] o.s.b.w.embedded.tomcat.TomcatWebServer  : Tomcat initialized with port(s): 8080 (http)
2021-09-10 11:45:19.418  INFO 34586 --- [    Test worker] o.apache.catalina.core.StandardService   : Starting service [Tomcat]
2021-09-10 11:45:19.419  INFO 34586 --- [    Test worker] org.apache.catalina.core.StandardEngine  : Starting Servlet engine: [Apache Tomcat/9.0.52]
2021-09-10 11:45:19.547  INFO 34586 --- [    Test worker] o.a.c.c.C.[Tomcat].[localhost].[/]       : Initializing Spring embedded WebApplicationContext
2021-09-10 11:45:19.547  INFO 34586 --- [    Test worker] w.s.c.ServletWebServerApplicationContext : Root WebApplicationContext: initialization completed in 1648 ms
2021-09-10 11:45:20.394  INFO 34586 --- [    Test worker] o.s.b.a.e.web.EndpointLinksResolver      : Exposing 1 endpoint(s) beneath base path '/actuator'
2021-09-10 11:45:20.460  INFO 34586 --- [    Test worker] o.s.b.w.embedded.tomcat.TomcatWebServer  : Tomcat started on port(s): 8080 (http) with context path ''
2021-09-10 11:45:20.472  INFO 34586 --- [    Test worker] u.r.p.h.f.h.CarHireControllerTest        : Started CarHireControllerTest in 3.012 seconds (JVM running for 5.253)
2021-09-10 11:45:20.685  INFO 34586 --- [nio-8080-exec-1] o.a.c.c.C.[Tomcat].[localhost].[/]       : Initializing Spring DispatcherServlet 'dispatcherServlet'
2021-09-10 11:45:20.686  INFO 34586 --- [nio-8080-exec-1] o.s.web.servlet.DispatcherServlet        : Initializing Servlet 'dispatcherServlet'
2021-09-10 11:45:20.688  INFO 34586 --- [nio-8080-exec-1] o.s.web.servlet.DispatcherServlet        : Completed initialization in 2 ms
]]></system-out>
  <system-err><![CDATA[]]></system-err>
</testsuite>
