<?xml version="1.0" encoding="UTF-8"?>
<testsuite name="uk.rentalcars.pairing.hire.unit.reservation.CarReserverTest" tests="2" skipped="0" failures="0" errors="0" timestamp="2021-09-10T10:45:16" hostname="C02C912BLVDP" time="0.697">
  <properties/>
  <testcase name="given_driverIsValid_then_makesReservation()" classname="uk.rentalcars.pairing.hire.unit.reservation.CarReserverTest" time="0.693"/>
  <testcase name="given_driverIsInvalid_then_doesNotMakeReservation()" classname="uk.rentalcars.pairing.hire.unit.reservation.CarReserverTest" time="0.003"/>
  <system-out><![CDATA[]]></system-out>
  <system-err><![CDATA[]]></system-err>
</testsuite>
